[I 20:15:41.286 NotebookApp] Serving notebooks from local directory: /home/clebsonc/PricePrediction
[I 20:15:41.286 NotebookApp] 0 active kernels 
[I 20:15:41.286 NotebookApp] The Jupyter Notebook is running at: http://localhost:8889/
[I 20:15:41.286 NotebookApp] Use Control-C to stop this server and shut down all kernels (twice to skip confirmation).
[I 20:17:16.755 NotebookApp] 302 GET /tree (::1) 2.14ms
[W 20:17:21.587 NotebookApp] 401 POST /login?next=%2Ftree (::1) 2.65ms referer=http://localhost:8888/login?next=%2Ftree
[I 20:17:24.135 NotebookApp] 302 POST /login?next=%2Ftree (::1) 1.88ms
[W 20:17:37.241 NotebookApp] Notebook PricePrediction.ipynb is not trusted
[I 20:17:38.614 NotebookApp] Kernel started: 2f040b5d-f3bf-46b5-9eae-d6be146e8177
[I 20:19:43.914 NotebookApp] Saving file at /PricePrediction.ipynb
[W 20:19:43.916 NotebookApp] Saving untrusted notebook PricePrediction.ipynb
[I 20:21:45.791 NotebookApp] Saving file at /PricePrediction.ipynb
[I 20:25:43.855 NotebookApp] Saving file at /PricePrediction.ipynb
[I 20:35:46.083 NotebookApp] Saving file at /PricePrediction.ipynb
[I 20:37:43.275 NotebookApp] Saving file at /PricePrediction.ipynb
[I 20:39:42.970 NotebookApp] Saving file at /PricePrediction.ipynb
[I 20:41:09.869 NotebookApp] Kernel interrupted: 2f040b5d-f3bf-46b5-9eae-d6be146e8177
[I 20:41:57.018 NotebookApp] Saving file at /PricePrediction.ipynb
[I 20:44:10.793 NotebookApp] Kernel interrupted: 2f040b5d-f3bf-46b5-9eae-d6be146e8177
[I 20:44:54.739 NotebookApp] Serving notebooks from local directory: /home/clebsonc/PricePrediction
[I 20:44:54.740 NotebookApp] 0 active kernels 
[I 20:44:54.740 NotebookApp] The Jupyter Notebook is running at: http://localhost:8889/
[I 20:44:54.740 NotebookApp] Use Control-C to stop this server and shut down all kernels (twice to skip confirmation).
[I 20:45:22.683 NotebookApp] Saving file at /PricePrediction.ipynb
[I 20:45:51.735 NotebookApp] Kernel started: 34fd2830-3df0-45f8-94e4-0b8631b1ce76
[I 20:46:15.512 NotebookApp] Kernel restarted: 34fd2830-3df0-45f8-94e4-0b8631b1ce76
[I 20:47:52.988 NotebookApp] Saving file at /PricePrediction.ipynb
[I 20:51:59.247 NotebookApp] Saving file at /PricePrediction.ipynb
[I 20:53:56.037 NotebookApp] Saving file at /PricePrediction.ipynb
[I 20:57:54.302 NotebookApp] Saving file at /PricePrediction.ipynb
[I 20:59:52.333 NotebookApp] Saving file at /PricePrediction.ipynb
[I 21:01:53.456 NotebookApp] Saving file at /PricePrediction.ipynb
[I 21:03:52.517 NotebookApp] Saving file at /PricePrediction.ipynb
[I 21:05:53.473 NotebookApp] Saving file at /PricePrediction.ipynb
[I 21:08:23.234 NotebookApp] Saving file at /PricePrediction.ipynb
[I 21:13:56.510 NotebookApp] Saving file at /PricePrediction.ipynb
[I 21:24:55.520 NotebookApp] Saving file at /PricePrediction.ipynb
[I 21:30:26.256 NotebookApp] Saving file at /PricePrediction.ipynb
[I 21:35:55.947 NotebookApp] Saving file at /PricePrediction.ipynb
[I 21:41:26.446 NotebookApp] Saving file at /PricePrediction.ipynb
[I 21:46:56.090 NotebookApp] Saving file at /PricePrediction.ipynb
[I 21:52:26.691 NotebookApp] Saving file at /PricePrediction.ipynb
[I 22:14:26.302 NotebookApp] Saving file at /PricePrediction.ipynb
[I 22:19:55.727 NotebookApp] Saving file at /PricePrediction.ipynb
[I 22:25:25.358 NotebookApp] Saving file at /PricePrediction.ipynb
[I 22:29:22.426 NotebookApp] Kernel interrupted: 34fd2830-3df0-45f8-94e4-0b8631b1ce76
[I 22:29:29.153 NotebookApp] Kernel restarted: 34fd2830-3df0-45f8-94e4-0b8631b1ce76
[I 22:30:54.044 NotebookApp] Saving file at /PricePrediction.ipynb
[I 22:30:58.852 NotebookApp] Kernel restarted: 34fd2830-3df0-45f8-94e4-0b8631b1ce76
[I 22:36:25.675 NotebookApp] Saving file at /PricePrediction.ipynb
[I 22:41:56.112 NotebookApp] Saving file at /PricePrediction.ipynb
[I 22:58:25.492 NotebookApp] Saving file at /PricePrediction.ipynb
[I 23:04:03.115 NotebookApp] Saving file at /PricePrediction.ipynb
[I 23:09:25.463 NotebookApp] Saving file at /PricePrediction.ipynb
[I 23:14:56.379 NotebookApp] Saving file at /PricePrediction.ipynb
[I 23:20:26.820 NotebookApp] Saving file at /PricePrediction.ipynb
[I 23:25:56.913 NotebookApp] Saving file at /PricePrediction.ipynb
[I 23:31:31.780 NotebookApp] Saving file at /PricePrediction.ipynb
[I 23:32:56.261 NotebookApp] Kernel interrupted: 34fd2830-3df0-45f8-94e4-0b8631b1ce76
[I 23:33:21.392 NotebookApp] Kernel restarted: 34fd2830-3df0-45f8-94e4-0b8631b1ce76
[W 23:33:21.399 NotebookApp] zmq message arrived on closed channel
[I 23:36:55.534 NotebookApp] Saving file at /PricePrediction.ipynb
[I 23:42:33.237 NotebookApp] Saving file at /PricePrediction.ipynb
[I 23:46:35.052 NotebookApp] Saving file at /PricePrediction.ipynb
